[09:56:26.676] [INFO] Storybook Upgrade - v9.1.2
[09:56:26.747] [INFO] detect-projects-spinner-start: Detecting projects...
[09:56:26.749] [DEBUG] Finding Storybook projects...
[09:56:27.486] [DEBUG] Found 1 Storybook projects
[09:56:27.487] [INFO] detect-projects-spinner: Detecting projects: 1 projects
[09:56:27.488] [DEBUG] Getting Storybook data...
[09:56:27.488] [DEBUG] Getting Storybook info...
[09:56:27.489] [DEBUG] Loading main config...
[09:56:27.670] [DEBUG] Getting stories paths...
[09:56:27.711] [DEBUG] Getting package manager...
[09:56:28.038] [DEBUG] Getting Storybook version...
[09:56:28.040] [DEBUG] C:/dev/joejohnson-xyz/packages/components/.storybook - Validating before version... 8.6.4
[09:56:28.040] [DEBUG] C:/dev/joejohnson-xyz/packages/components/.storybook - Validating upgrade compatibility...
[09:56:28.040] [DEBUG] C:/dev/joejohnson-xyz/packages/components/.storybook - Fetching NPM version information...
[09:56:28.040] [DEBUG] Getting CLI versions from NPM for storybook...
[09:56:28.049] [DEBUG] Getting CLI versions from NPM for storybook@next...
[09:56:29.008] [DEBUG] C:/dev/joejohnson-xyz/packages/components/.storybook - Evaluating blockers...
[09:56:29.011] [DEBUG] Getting installed version for @storybook/experimental-addon-test...
[09:56:30.436] [DEBUG] An issue occurred while trying to find dependencies metadata using npm.
[09:56:30.436] [INFO] detect-projects-spinner-stop: 1 project detected
[09:56:30.437] [DEBUG] Found 1 valid projects and 0 error projects
[09:56:30.437] [INFO] Upgrading from 8.6.4 to 9.1.2
[09:56:30.480] [INFO] upgrade-dependencies-task-start: Fetching versions to update package.json files..
[09:56:30.480] [DEBUG] Updating dependencies in C:/dev/joejohnson-xyz/packages/components/.storybook...
[09:56:30.521] [INFO] upgrade-dependencies-task: \packages\components\package.json
\package.json
[09:56:30.522] [DEBUG] {
  "upgradedDependencies": []
}
[09:56:30.522] [DEBUG] {
  "upgradedDevDependencies": []
}
[09:56:30.522] [DEBUG] {
  "upgradedPeerDependencies": []
}
[09:56:30.531] [DEBUG] {
  "upgradedDependencies": []
}
[09:56:30.531] [DEBUG] {
  "upgradedDevDependencies": [
    "@storybook/react-vite@9.1.2",
    "storybook@^9.1.2"
  ]
}
[09:56:30.531] [DEBUG] {
  "upgradedPeerDependencies": []
}
[09:56:30.537] [DEBUG] Getting CLI versions from NPM for @storybook/react-vite...
[09:56:31.665] [DEBUG] Using cached version for storybook...
[09:56:31.675] [INFO] upgrade-dependencies-task-success: Updated package versions in package.json files
[09:56:31.676] [INFO] detect-automigrations-task-start: Detecting automigrations...
[09:56:31.676] [DEBUG] Starting automigration collection across 1 projects and 15 fixes...
[09:56:31.721] [INFO] detect-automigrations-task: Checking automigrations for
C:/dev/joejohnson-xyz/packages/components/.storybook...
[09:56:31.721] [DEBUG] Processing project: C:/dev/joejohnson-xyz/packages/components/.storybook
[09:56:31.721] [DEBUG] Checking fix eslintPlugin for project C:/dev/joejohnson-xyz/packages/components/.storybook...
[09:56:31.726] [DEBUG] Checking fix addon-mdx-gfm-remove for project C:/dev/joejohnson-xyz/packages/components/.storybook...
[09:56:31.727] [DEBUG] Checking fix addon-storysource-code-panel for project C:/dev/joejohnson-xyz/packages/components/.storybook...
[09:56:31.727] [DEBUG] Checking fix upgrade-storybook-related-dependencies for project C:/dev/joejohnson-xyz/packages/components/.storybook...
[09:56:31.727] [DEBUG] Checking for incompatible storybook packages...
[09:56:31.731] [DEBUG] Getting installed version for @nx/storybook...
[09:56:31.735] [DEBUG] Getting installed version for @storybook/addon-essentials...
[09:56:31.741] [DEBUG] Getting installed version for @storybook/core-server...
[09:56:33.300] [DEBUG] An issue occurred while trying to find dependencies metadata using npm.
[09:56:33.301] [DEBUG] Getting CLI versions from NPM for @storybook/addon-essentials...
[09:56:33.311] [DEBUG] An issue occurred while trying to find dependencies metadata using npm.
[09:56:33.311] [DEBUG] Getting CLI versions from NPM for @storybook/core-server...
[09:56:33.320] [DEBUG] An issue occurred while trying to find dependencies metadata using npm.
[09:56:33.320] [DEBUG] Getting CLI versions from NPM for @nx/storybook...
[09:56:34.412] [DEBUG] Checking fix initial-globals for project C:/dev/joejohnson-xyz/packages/components/.storybook...
[09:56:34.418] [DEBUG] Checking fix addon-a11y-addon-test for project C:/dev/joejohnson-xyz/packages/components/.storybook...
[09:56:34.418] [DEBUG] Checking fix consolidated-imports for project C:/dev/joejohnson-xyz/packages/components/.storybook...
[09:56:34.419] [DEBUG] Checking fix addon-experimental-test for project C:/dev/joejohnson-xyz/packages/components/.storybook...
[09:56:34.419] [DEBUG] Using cached installed version for @storybook/experimental-addon-test...
[09:56:34.419] [DEBUG] Checking fix rnstorybook-config for project C:/dev/joejohnson-xyz/packages/components/.storybook...
[09:56:34.420] [DEBUG] Checking fix remove-addon-interactions for project C:/dev/joejohnson-xyz/packages/components/.storybook...
[09:56:34.420] [DEBUG] Checking fix renderer-to-framework for project C:/dev/joejohnson-xyz/packages/components/.storybook...
[09:56:34.420] [DEBUG] Checking fix remove-essential-addons for project C:/dev/joejohnson-xyz/packages/components/.storybook...
[09:56:34.421] [DEBUG] Checking fix addon-a11y-parameters for project C:/dev/joejohnson-xyz/packages/components/.storybook...
[09:56:34.421] [DEBUG] Checking fix remove-docs-autodocs for project C:/dev/joejohnson-xyz/packages/components/.storybook...
[09:56:34.430] [DEBUG] Checking fix wrap-require for project C:/dev/joejohnson-xyz/packages/components/.storybook...
[09:56:34.472] [INFO] detect-automigrations-task: 
Automigrations detected:
[09:56:34.516] [INFO] detect-automigrations-task: ✔ eslintPlugin
[09:56:34.557] [INFO] detect-automigrations-task: ✔ consolidated-imports
[09:56:34.598] [INFO] detect-automigrations-task: ✔ wrap-require
[09:56:34.598] [INFO] detect-automigrations-task-success: 3 automigration(s) detected
[10:04:04.310] [PROMPT] Select automigrations to run {"choice":["eslintPlugin","consolidated-imports","wrap-require"]}
[10:04:04.310] [INFO] automigrate-C:/dev/joejohnson-xyz/packages/components/.storybook-task-start: Running automigrations for C:/dev/joejohnson-xyz/packages/components/.storybook
[10:04:04.311] [DEBUG] Adding dependencies: eslint-plugin-storybook@9.1.2
[10:04:04.318] [DEBUG] Getting CLI versions from NPM for eslint-plugin-storybook...
[10:04:10.511] [DEBUG] Detected flat config at C:\dev\joejohnson-xyz\packages\components\eslint.config.mjs
[10:04:10.578] [INFO] automigrate-C:/dev/joejohnson-xyz/packages/components/.storybook-task: ✔ eslintPlugin
[10:04:10.655] [INFO] automigrate-C:/dev/joejohnson-xyz/packages/components/.storybook-task: ✔ consolidated-imports
[10:04:10.727] [INFO] automigrate-C:/dev/joejohnson-xyz/packages/components/.storybook-task: ✔ wrap-require
[10:04:10.728] [INFO] automigrate-C:/dev/joejohnson-xyz/packages/components/.storybook-task-success: Completed automigrations for C:/dev/joejohnson-xyz/packages/components/.storybook
[10:04:10.729] [INFO] Installing dependencies...
[10:04:10.729] [INFO] install-dependencies-task-start: Installing dependencies...
[10:04:22.996] [INFO] added 11 packages, removed 8 packages, changed 21 packages, and audited 1701 packages in 12s
[10:04:23.038] [INFO] install-dependencies-task: added 11 packages, removed 8 packages, changed 21 packages, and audited 1701
packages in 12s
[10:04:23.039] [INFO] 408 packages are looking for funding
  run `npm fund` for details
[10:04:23.083] [INFO] install-dependencies-task: 408 packages are looking for funding
run `npm fund` for details
[10:04:23.095] [INFO] 25 vulnerabilities (14 low, 8 moderate, 2 high, 1 critical)

To address issues that do not require attention, run:
  npm audit fix

To address all issues (including breaking changes), run:
  npm audit fix --force

Run `npm audit` for details.
[10:04:23.140] [INFO] install-dependencies-task: 25 vulnerabilities (14 low, 8 moderate, 2 high, 1 critical)

To address issues that do not require attention, run:
npm audit fix

To address all issues (including breaking changes), run:
npm audit fix --force

Run `npm audit` for details.
[10:04:23.141] [INFO] Dependencies installed
[10:04:23.141] [INFO] install-dependencies-task-success: Dependencies installed
[10:04:23.142] [WARN] Since you are in a monorepo, we advise you to deduplicate your dependencies. We can do this for you but it might take some time.
[10:04:55.419] [PROMPT] Execute npm run dedupe? {"choice":true}
[10:04:55.419] [INFO] Deduplicating dependencies...
[10:04:55.420] [INFO] dedupe-dependencies-task-start: Deduplicating dependencies...
[10:05:45.287] [INFO] removed 27 packages, changed 32 packages, and audited 1674 packages in 50s
[10:05:45.335] [INFO] dedupe-dependencies-task: removed 27 packages, changed 32 packages, and audited 1674 packages in 50s
[10:05:45.335] [INFO] 397 packages are looking for funding
  run `npm fund` for details
[10:05:45.383] [INFO] dedupe-dependencies-task: 397 packages are looking for funding
run `npm fund` for details
[10:05:45.415] [INFO] 24 vulnerabilities (13 low, 8 moderate, 2 high, 1 critical)

To address issues that do not require attention, run:
  npm audit fix

To address all issues (including breaking changes), run:
  npm audit fix --force

Run `npm audit` for details.
[10:05:45.467] [INFO] dedupe-dependencies-task: 24 vulnerabilities (13 low, 8 moderate, 2 high, 1 critical)

To address issues that do not require attention, run:
npm audit fix

To address all issues (including breaking changes), run:
npm audit fix --force

Run `npm audit` for details.
[10:05:45.468] [INFO] Dependencies deduplicated
[10:05:45.468] [INFO] dedupe-dependencies-task-success: Dependencies deduplicated
[10:05:45.468] [INFO] Checking the health of your project(s)..
[10:05:46.969] [DEBUG] An issue occurred while trying to find dependencies metadata using npm.
[10:05:46.969] [WARN] C:/dev/joejohnson-xyz/packages/components/.storybook: 1 issue found
[10:05:47.015] [INFO] You are currently using Storybook 9.1.2 but you have packages which are incompatible with it:

- @storybook/addon-essentials@8.6.4 which depends on 8.6.4
 Repo: https://github.com/storybookjs/storybook/tree/next/code/addons/essentials

Please consider updating your packages or contacting the maintainers for compatibility details.

For more on Storybook 9 compatibility, see the linked GitHub issue:
https://github.com/storybookjs/storybook/issues/30944
[10:05:47.015] [INFO] Incompatible Packages
[10:05:47.059] [INFO] You are currently using Storybook 9.1.2 but you have packages which are incompatible with it:

- @storybook/addon-essentials@8.6.4 which depends on 8.6.4
 Repo: https://github.com/storybookjs/storybook/tree/next/code/addons/essentials

Please consider updating your packages or contacting the maintainers for compatibility details.

For more on Storybook 9 compatibility, see the linked GitHub issue:
https://github.com/storybookjs/storybook/issues/30944
[10:05:47.104] [INFO] Storybook doctor is complete!
[10:05:47.150] [INFO] You can always recheck the health of your project(s) by running:
npx storybook doctor
[10:05:47.209] [INFO] The upgrade is complete!
[10:05:47.253] [INFO] Your project(s) have been upgraded successfully, but some issues were found which need your attention, please check Storybook doctor logs above.
[10:05:47.415] [INFO] If you want to learn more about the automigrations that executed in your project(s), please check the following links:

• eslintPlugin
• consolidated-imports
• wrap-require
[10:05:47.454] [INFO] For a full list of changes, please check our migration guide: https://storybook.js.org/docs/migration-guide
[10:05:47.497] [INFO] Attention: Storybook now collects completely anonymous telemetry regarding usage. This information is used to shape Storybook's roadmap and prioritize features.
[10:05:47.538] [INFO] You can learn more, including how to opt-out if you'd not like to participate in this anonymous program, by visiting the following URL:
[10:05:47.581] [INFO] https://storybook.js.org/telemetry
[10:05:47.623] [INFO] 